c:\users\oushi\onedrive\gm\dx11\debug\vc141.pdb
c:\users\oushi\onedrive\gm\dx11\debug\vc141.idb
c:\users\oushi\onedrive\gm\dx11\debug\soundmanager.obj
c:\users\oushi\onedrive\gm\dx11\debug\skybox.obj
c:\users\oushi\onedrive\gm\dx11\debug\shadow.obj
c:\users\oushi\onedrive\gm\dx11\debug\resultfield.obj
c:\users\oushi\onedrive\gm\dx11\debug\result.obj
c:\users\oushi\onedrive\gm\dx11\debug\renderer.obj
c:\users\oushi\onedrive\gm\dx11\debug\polygon2d.obj
c:\users\oushi\onedrive\gm\dx11\debug\player.obj
c:\users\oushi\onedrive\gm\dx11\debug\modelmanager.obj
c:\users\oushi\onedrive\gm\dx11\debug\model.obj
c:\users\oushi\onedrive\gm\dx11\debug\manager.obj
c:\users\oushi\onedrive\gm\dx11\debug\main.obj
c:\users\oushi\onedrive\gm\dx11\debug\input.obj
c:\users\oushi\onedrive\gm\dx11\debug\game.obj
c:\users\oushi\onedrive\gm\dx11\debug\field.obj
c:\users\oushi\onedrive\gm\dx11\debug\enemy.obj
c:\users\oushi\onedrive\gm\dx11\debug\effect.obj
c:\users\oushi\onedrive\gm\dx11\debug\camera.obj
c:\users\oushi\onedrive\gm\dx11\debug\bullet.obj
c:\users\oushi\onedrive\gm\dx11\debug\audio.obj
c:\users\oushi\onedrive\gm\dx11\debug\titlefield.obj
c:\users\oushi\onedrive\gm\dx11\debug\title.obj
c:\users\oushi\onedrive\gm\dx11\unlittextureps.cso
c:\users\oushi\onedrive\gm\dx11\unlittexturevs.cso
c:\users\oushi\onedrive\gm\dx11\vertexlightingps.cso
c:\users\oushi\onedrive\gm\dx11\vertexlightingvs.cso
c:\users\oushi\onedrive\gm\dx11\debug\dx11.ilk
c:\users\oushi\onedrive\gm\dx11\debug\dx11.exe
c:\users\oushi\onedrive\gm\dx11\debug\dx11.pdb
c:\users\oushi\onedrive\gm\dx11\debug\dx11.tlog\cl.command.1.tlog
c:\users\oushi\onedrive\gm\dx11\debug\dx11.tlog\cl.read.1.tlog
c:\users\oushi\onedrive\gm\dx11\debug\dx11.tlog\cl.write.1.tlog
c:\users\oushi\onedrive\gm\dx11\debug\dx11.tlog\fxc.command.1.tlog
c:\users\oushi\onedrive\gm\dx11\debug\dx11.tlog\fxc.read.1.tlog
c:\users\oushi\onedrive\gm\dx11\debug\dx11.tlog\fxc.write.1.tlog
c:\users\oushi\onedrive\gm\dx11\debug\dx11.tlog\link.command.1.tlog
c:\users\oushi\onedrive\gm\dx11\debug\dx11.tlog\link.read.1.tlog
c:\users\oushi\onedrive\gm\dx11\debug\dx11.tlog\link.write.1.tlog
