C:\Users\oushi\OneDrive\GM\DX11\skyboxPS.hlsl(70,5): warning X4000: use of potentially uninitialized variable (getCloud)
  
  compilation object save succeeded; see C:\Users\oushi\OneDrive\GM\DX11\skyboxPS.cso
C:\Users\oushi\OneDrive\GM\DX11\skyboxPS_test.hlsl(53,14-56): warning X3207: Initializer used on a global 'const' variable. This requires setting an external constant. If a literal is desired, use 'static const' instead.
C:\Users\oushi\OneDrive\GM\DX11\skyboxPS_test.hlsl(54,11-18): warning X3207: Initializer used on a global 'const' variable. This requires setting an external constant. If a literal is desired, use 'static const' instead.
C:\Users\oushi\OneDrive\GM\DX11\skyboxPS_test.hlsl(70,43): warning X4000: use of potentially uninitialized variable (raymarch)
C:\Users\oushi\OneDrive\GM\DX11\skyboxPS_test.hlsl(72,18): warning X4000: use of potentially uninitialized variable (tmin)
C:\Users\oushi\OneDrive\GM\DX11\skyboxPS_test.hlsl(72,18): warning X4000: use of potentially uninitialized variable (tmax)
C:\Users\oushi\OneDrive\GM\DX11\skyboxPS_test.hlsl(83,5): warning X4000: use of potentially uninitialized variable (raymarch)
  
  compilation object save succeeded; see C:\Users\oushi\OneDrive\GM\DX11\skyboxPS_test.cso
C:\Users\oushi\OneDrive\GM\DX11\skyboxVS.hlsl(9,34-36): warning X3578: 'main': Top-level output parameter 'Out' not completely initialized
C:\Users\oushi\OneDrive\GM\DX11\skyboxVS.hlsl(9,34-36): warning X3578: Output value 'Out' is not completely initialized
  
  compilation object save succeeded; see C:\Users\oushi\OneDrive\GM\DX11\skyboxVS.cso
  compilation object save succeeded; see C:\Users\oushi\OneDrive\GM\DX11\unlitTexturePS.cso
C:\Users\oushi\OneDrive\GM\DX11\unlitTextureVS.hlsl(5,34-36): warning X3578: 'main': Top-level output parameter 'Out' not completely initialized
C:\Users\oushi\OneDrive\GM\DX11\unlitTextureVS.hlsl(5,34-36): warning X3578: Output value 'Out' is not completely initialized
  
  compilation object save succeeded; see C:\Users\oushi\OneDrive\GM\DX11\unlitTextureVS.cso
C:\Users\oushi\OneDrive\GM\DX11\vertexLightingPS.hlsl(10,14): warning X1519: 'top' : macro redefinition
C:\Users\oushi\OneDrive\GM\DX11\vertexLightingPS.hlsl(39,15-41): warning X3206: implicit truncation of vector type
C:\Users\oushi\OneDrive\GM\DX11\vertexLightingPS.hlsl(243,2): warning X4000: use of potentially uninitialized variable (getCloud)
  
  compilation object save succeeded; see C:\Users\oushi\OneDrive\GM\DX11\vertexLightingPS.cso
C:\Users\oushi\OneDrive\GM\DX11\vertexLightingVS.hlsl(9,34-36): warning X3578: Output value 'Out' is not completely initialized
  
  compilation object save succeeded; see C:\Users\oushi\OneDrive\GM\DX11\vertexLightingVS.cso
  audio.cpp
  bullet.cpp
  camera.cpp
  effect.cpp
  enemy.cpp
  field.cpp
  fieldModel.cpp
  game.cpp
  input.cpp
  main.cpp
  manager.cpp
  model.cpp
  modelManager.cpp
  player.cpp
  polygon2D.cpp
  renderer.cpp
c:\users\oushi\onedrive\gm\dx11\renderer.cpp(218): warning C4305: '=': 'double' から 'float' へ切り詰めます。
c:\users\oushi\onedrive\gm\dx11\renderer.cpp(219): warning C4305: '=': 'double' から 'float' へ切り詰めます。
  result.cpp
  resultField.cpp
  shadow.cpp
  skybox.cpp
  コードを生成中...
  コンパイル中...
  soundManager.cpp
  title.cpp
  titleField.cpp
c:\users\oushi\onedrive\gm\dx11\titlefield.cpp(121): warning C4244: '引数': 'float' から 'unsigned int' への変換です。データが失われる可能性があります。
c:\users\oushi\onedrive\gm\dx11\titlefield.cpp(122): warning C4244: '初期化中': 'int' から 'float' への変換です。データが失われる可能性があります。
  コードを生成中...
  LINK : 前回のインクリメンタル リンクで C:\Users\oushi\OneDrive\GM\DX11\Debug\DX11.exe が見つからなかったか、ビルドされませんでした。フル リンクを行います。
  DX11.vcxproj -> C:\Users\oushi\OneDrive\GM\DX11\Debug\DX11.exe
